<?xml version="1.0" encoding="UTF-8"?>
<testsuite xmlns:xsi="http://www.w3.org/2001/XMLSchema-instance" xsi:noNamespaceSchemaLocation="https://maven.apache.org/surefire/maven-surefire-plugin/xsd/surefire-test-report.xsd" version="3.0.2" name="com.ubaid.excel_to_PDF.ExcelToPdfApplicationTests" time="1.976" tests="1" errors="0" skipped="0" failures="0">
  <properties>
[...]
</properties>
  <testcase name="contextLoads" classname="com.ubaid.excel_to_PDF.ExcelToPdfApplicationTests" time="0.625">
    <system-out><![CDATA[16:04:58.672 [main] INFO org.springframework.test.context.support.AnnotationConfigContextLoaderUtils -- Could not detect default configuration classes for test class [com.ubaid.excel_to_PDF.ExcelToPdfApplicationTests]: ExcelToPdfApplicationTests does not declare any static, non-private, non-final, nested classes annotated with @Configuration.
16:04:58.786 [main] INFO org.springframework.boot.test.context.SpringBootTestContextBootstrapper -- Found @SpringBootConfiguration com.ubaid.excel_to_PDF.ExcelToPdfApplication for test class com.ubaid.excel_to_PDF.ExcelToPdfApplicationTests

  .   ____          _            __ _ _
 /\\ / ___'_ __ _ _(_)_ __  __ _ \ \ \ \
( ( )\___ | '_ | '_| | '_ \/ _` | \ \ \ \
 \\/  ___)| |_)| | | | | || (_| |  ) ) ) )
  '  |____| .__|_| |_|_| |_\__, | / / / /
 =========|_|==============|___/=/_/_/_/

 :: Spring Boot ::                (v3.4.5)

2025-05-26T16:04:59.104+05:30  INFO 30056 --- [excel-to-PDF] [           main] c.u.e.ExcelToPdfApplicationTests         : Starting ExcelToPdfApplicationTests using Java 24.0.1 with PID 30056 (started by ubaid in C:\Users\ubaid\Downloads\excel-to-PDF\excel-to-PDF)
2025-05-26T16:04:59.105+05:30  INFO 30056 --- [excel-to-PDF] [           main] c.u.e.ExcelToPdfApplicationTests         : No active profile set, falling back to 1 default profile: "default"
2025-05-26T16:04:59.910+05:30  INFO 30056 --- [excel-to-PDF] [           main] c.u.e.ExcelToPdfApplicationTests         : Started ExcelToPdfApplicationTests in 1.012 seconds (process running for 2.06)
]]></system-out>
    <system-err><![CDATA[Mockito is currently self-attaching to enable the inline-mock-maker. This will no longer work in future releases of the JDK. Please add Mockito as an agent to your build what is described in Mockito's documentation: https://javadoc.io/doc/org.mockito/mockito-core/latest/org/mockito/Mockito.html#0.3
WARNING: A Java agent has been loaded dynamically (C:\Users\ubaid\.m2\repository\net\bytebuddy\byte-buddy-agent\1.15.11\byte-buddy-agent-1.15.11.jar)
WARNING: If a serviceability tool is in use, please run with -XX:+EnableDynamicAgentLoading to hide this warning
WARNING: If a serviceability tool is not in use, please run with -Djdk.instrument.traceUsage for more information
WARNING: Dynamic loading of agents will be disallowed by default in a future release
]]></system-err>
  </testcase>
</testsuite>